c:\users\student\desktop\teame_game\teame_game\debug\vc142.pdb
c:\users\student\desktop\teame_game\teame_game\debug\vc142.idb
c:\users\student\desktop\teame_game\teame_game\debug\title.obj
c:\users\student\desktop\teame_game\teame_game\debug\result.obj
c:\users\student\desktop\teame_game\teame_game\debug\player.obj
c:\users\student\desktop\teame_game\teame_game\debug\pause.obj
c:\users\student\desktop\teame_game\teame_game\debug\motion.obj
c:\users\student\desktop\teame_game\teame_game\debug\model.obj
c:\users\student\desktop\teame_game\teame_game\debug\meshfield.obj
c:\users\student\desktop\teame_game\teame_game\debug\meshcylinder.obj
c:\users\student\desktop\teame_game\teame_game\debug\meshceiling.obj
c:\users\student\desktop\teame_game\teame_game\debug\main.obj
c:\users\student\desktop\teame_game\teame_game\debug\light.obj
c:\users\student\desktop\teame_game\teame_game\debug\input.obj
c:\users\student\desktop\teame_game\teame_game\debug\guage.obj
c:\users\student\desktop\teame_game\teame_game\debug\game.obj
c:\users\student\desktop\teame_game\teame_game\debug\fade.obj
c:\users\student\desktop\teame_game\teame_game\debug\enemy.obj
c:\users\student\desktop\teame_game\teame_game\debug\edit.obj
c:\users\student\desktop\teame_game\teame_game\debug\camera.obj
c:\users\student\desktop\teame_game\teame_game\debug\block.obj
c:\users\student\desktop\teame_game\teame_game\debug\teame.pdb
c:\users\student\desktop\teame_game\teame_game\debug\teame.tlog\cl.command.1.tlog
c:\users\student\desktop\teame_game\teame_game\debug\teame.tlog\cl.read.1.tlog
c:\users\student\desktop\teame_game\teame_game\debug\teame.tlog\cl.write.1.tlog
c:\users\student\desktop\teame_game\teame_game\debug\teame.tlog\link.command.1.tlog
c:\users\student\desktop\teame_game\teame_game\debug\teame.tlog\link.read.1.tlog
c:\users\student\desktop\teame_game\teame_game\debug\teame.tlog\link.write.1.tlog
